2017-08-16 10:25:56,871 [Worker-50] INFO  o.e.m.c.i.e.AbstractTransferListenerAdapter - Downloading http://maven.wso2.org/nexus/content/groups/wso2-public/org/wso2/maven/maven-axis2-plugin/2.1.0/maven-axis2-plugin-2.1.0.pom
2017-08-16 10:25:57,493 [Worker-50] INFO  o.e.m.c.i.e.AbstractTransferListenerAdapter - Downloaded http://maven.wso2.org/nexus/content/groups/wso2-public/org/wso2/maven/maven-axis2-plugin/2.1.0/maven-axis2-plugin-2.1.0.pom
2017-08-16 10:25:58,747 [Worker-50] INFO  o.e.m.c.i.e.AbstractTransferListenerAdapter - Downloading http://maven.wso2.org/nexus/content/groups/wso2-public/org/apache/axis2/axis2-wsdl2code-maven-plugin/1.6.1-wso2v12/axis2-wsdl2code-maven-plugin-1.6.1-wso2v12.pom
2017-08-16 10:25:59,374 [Worker-50] INFO  o.e.m.c.i.e.AbstractTransferListenerAdapter - Downloaded http://maven.wso2.org/nexus/content/groups/wso2-public/org/apache/axis2/axis2-wsdl2code-maven-plugin/1.6.1-wso2v12/axis2-wsdl2code-maven-plugin-1.6.1-wso2v12.pom
2017-08-16 10:25:59,896 [Worker-50] INFO  o.e.m.c.i.e.AbstractTransferListenerAdapter - Downloading http://maven.wso2.org/nexus/content/groups/wso2-public/org/apache/axis2/axis2-codegen/1.6.1-wso2v12/axis2-codegen-1.6.1-wso2v12.pom
2017-08-16 10:26:00,524 [Worker-50] INFO  o.e.m.c.i.e.AbstractTransferListenerAdapter - Downloaded http://maven.wso2.org/nexus/content/groups/wso2-public/org/apache/axis2/axis2-codegen/1.6.1-wso2v12/axis2-codegen-1.6.1-wso2v12.pom
2017-08-16 10:26:02,196 [Worker-50] INFO  o.e.m.c.i.e.AbstractTransferListenerAdapter - Downloading http://maven.wso2.org/nexus/content/groups/wso2-public/org/apache/axis2/axis2-adb-codegen/1.6.1-wso2v12/axis2-adb-codegen-1.6.1-wso2v12.pom
2017-08-16 10:26:02,822 [Worker-50] INFO  o.e.m.c.i.e.AbstractTransferListenerAdapter - Downloaded http://maven.wso2.org/nexus/content/groups/wso2-public/org/apache/axis2/axis2-adb-codegen/1.6.1-wso2v12/axis2-adb-codegen-1.6.1-wso2v12.pom
2017-08-16 10:26:03,763 [Worker-50] INFO  o.e.m.c.i.e.AbstractTransferListenerAdapter - Downloading http://maven.wso2.org/nexus/content/groups/wso2-public/org/apache/axis2/axis2-java2wsdl/1.6.1-wso2v12/axis2-java2wsdl-1.6.1-wso2v12.pom
2017-08-16 10:26:04,388 [Worker-50] INFO  o.e.m.c.i.e.AbstractTransferListenerAdapter - Downloaded http://maven.wso2.org/nexus/content/groups/wso2-public/org/apache/axis2/axis2-java2wsdl/1.6.1-wso2v12/axis2-java2wsdl-1.6.1-wso2v12.pom
2017-08-16 10:26:05,034 [Worker-50] INFO  o.e.m.c.i.e.AbstractTransferListenerAdapter - Downloading http://maven.wso2.org/nexus/content/groups/wso2-public/org/apache/axis2/axis2-xmlbeans/1.6.1-wso2v12/axis2-xmlbeans-1.6.1-wso2v12.pom
2017-08-16 10:26:05,606 [Worker-50] INFO  o.e.m.c.i.e.AbstractTransferListenerAdapter - Downloaded http://maven.wso2.org/nexus/content/groups/wso2-public/org/apache/axis2/axis2-xmlbeans/1.6.1-wso2v12/axis2-xmlbeans-1.6.1-wso2v12.pom
2017-08-16 10:26:06,582 [Worker-50] INFO  o.e.m.c.i.e.AbstractTransferListenerAdapter - Downloading http://maven.wso2.org/nexus/content/groups/wso2-public/org/apache/axis2/axis2-aar-maven-plugin/1.6-wso2v4/axis2-aar-maven-plugin-1.6-wso2v4.pom
2017-08-16 10:26:07,417 [Worker-50] INFO  o.e.m.c.i.e.AbstractTransferListenerAdapter - Downloaded http://maven.wso2.org/nexus/content/groups/wso2-public/org/apache/axis2/axis2-aar-maven-plugin/1.6-wso2v4/axis2-aar-maven-plugin-1.6-wso2v4.pom
2017-08-16 10:26:07,900 [Worker-50] INFO  o.e.m.c.i.e.AbstractTransferListenerAdapter - Downloading http://maven.wso2.org/nexus/content/groups/wso2-public/org/apache/axis2/axis2-parent/1.6-wso2v4/axis2-parent-1.6-wso2v4.pom
2017-08-16 10:26:09,088 [Worker-50] INFO  o.e.m.c.i.e.AbstractTransferListenerAdapter - Downloaded http://maven.wso2.org/nexus/content/groups/wso2-public/org/apache/axis2/axis2-parent/1.6-wso2v4/axis2-parent-1.6-wso2v4.pom
2017-08-16 10:26:09,610 [Worker-50] INFO  o.e.m.c.i.e.AbstractTransferListenerAdapter - Downloading http://maven.wso2.org/nexus/content/groups/wso2-public/org/wso2/maven/maven-axis2-plugin/2.1.0/maven-axis2-plugin-2.1.0.jar
2017-08-16 10:26:10,237 [Worker-50] INFO  o.e.m.c.i.e.AbstractTransferListenerAdapter - Downloaded http://maven.wso2.org/nexus/content/groups/wso2-public/org/wso2/maven/maven-axis2-plugin/2.1.0/maven-axis2-plugin-2.1.0.jar
2017-08-16 10:26:10,589 [Worker-50] INFO  o.e.m.c.i.e.AbstractTransferListenerAdapter - Downloading http://maven.wso2.org/nexus/content/groups/wso2-public/org/apache/axis2/axis2-wsdl2code-maven-plugin/1.6.1-wso2v12/axis2-wsdl2code-maven-plugin-1.6.1-wso2v12.jar
2017-08-16 10:26:11,281 [Worker-50] INFO  o.e.m.c.i.e.AbstractTransferListenerAdapter - Downloaded http://maven.wso2.org/nexus/content/groups/wso2-public/org/apache/axis2/axis2-wsdl2code-maven-plugin/1.6.1-wso2v12/axis2-wsdl2code-maven-plugin-1.6.1-wso2v12.jar
2017-08-16 10:26:11,698 [Worker-50] INFO  o.e.m.c.i.e.AbstractTransferListenerAdapter - Downloading http://maven.wso2.org/nexus/content/groups/wso2-public/org/apache/axis2/axis2-codegen/1.6.1-wso2v12/axis2-codegen-1.6.1-wso2v12.jar
2017-08-16 10:26:12,697 [Worker-50] INFO  o.e.m.c.i.e.AbstractTransferListenerAdapter - Downloaded http://maven.wso2.org/nexus/content/groups/wso2-public/org/apache/axis2/axis2-codegen/1.6.1-wso2v12/axis2-codegen-1.6.1-wso2v12.jar
2017-08-16 10:26:12,708 [Worker-50] INFO  o.e.m.c.i.e.AbstractTransferListenerAdapter - Downloading http://maven.wso2.org/nexus/content/groups/wso2-public/org/apache/ws/commons/axiom/axiom-impl/1.2.11-wso2v6/axiom-impl-1.2.11-wso2v6.jar
2017-08-16 10:26:13,370 [Worker-50] INFO  o.e.m.c.i.e.AbstractTransferListenerAdapter - Downloaded http://maven.wso2.org/nexus/content/groups/wso2-public/org/apache/ws/commons/axiom/axiom-impl/1.2.11-wso2v6/axiom-impl-1.2.11-wso2v6.jar
2017-08-16 10:26:13,787 [Worker-50] INFO  o.e.m.c.i.e.AbstractTransferListenerAdapter - Downloading http://maven.wso2.org/nexus/content/groups/wso2-public/org/apache/axis2/axis2-adb-codegen/1.6.1-wso2v12/axis2-adb-codegen-1.6.1-wso2v12.jar
2017-08-16 10:26:14,415 [Worker-50] INFO  o.e.m.c.i.e.AbstractTransferListenerAdapter - Downloaded http://maven.wso2.org/nexus/content/groups/wso2-public/org/apache/axis2/axis2-adb-codegen/1.6.1-wso2v12/axis2-adb-codegen-1.6.1-wso2v12.jar
2017-08-16 10:26:14,832 [Worker-50] INFO  o.e.m.c.i.e.AbstractTransferListenerAdapter - Downloading http://maven.wso2.org/nexus/content/groups/wso2-public/org/apache/axis2/axis2-java2wsdl/1.6.1-wso2v12/axis2-java2wsdl-1.6.1-wso2v12.jar
2017-08-16 10:26:15,564 [Worker-50] INFO  o.e.m.c.i.e.AbstractTransferListenerAdapter - Downloaded http://maven.wso2.org/nexus/content/groups/wso2-public/org/apache/axis2/axis2-java2wsdl/1.6.1-wso2v12/axis2-java2wsdl-1.6.1-wso2v12.jar
2017-08-16 10:26:16,087 [Worker-50] INFO  o.e.m.c.i.e.AbstractTransferListenerAdapter - Downloading http://maven.wso2.org/nexus/content/groups/wso2-public/org/apache/axis2/axis2-xmlbeans/1.6.1-wso2v12/axis2-xmlbeans-1.6.1-wso2v12.jar
2017-08-16 10:26:16,714 [Worker-50] INFO  o.e.m.c.i.e.AbstractTransferListenerAdapter - Downloaded http://maven.wso2.org/nexus/content/groups/wso2-public/org/apache/axis2/axis2-xmlbeans/1.6.1-wso2v12/axis2-xmlbeans-1.6.1-wso2v12.jar
2017-08-16 10:26:17,237 [Worker-50] INFO  o.e.m.c.i.e.AbstractTransferListenerAdapter - Downloading http://maven.wso2.org/nexus/content/groups/wso2-public/org/apache/axis2/axis2-aar-maven-plugin/1.6-wso2v4/axis2-aar-maven-plugin-1.6-wso2v4.jar
2017-08-16 10:26:18,280 [Worker-50] INFO  o.e.m.c.i.e.AbstractTransferListenerAdapter - Downloaded http://maven.wso2.org/nexus/content/groups/wso2-public/org/apache/axis2/axis2-aar-maven-plugin/1.6-wso2v4/axis2-aar-maven-plugin-1.6-wso2v4.jar
2017-08-16 10:26:18,292 [Worker-50] INFO  o.e.m.c.i.e.AbstractTransferListenerAdapter - Downloading http://maven.wso2.org/nexus/content/groups/wso2-public/commons-io/commons-io/1.3.2/commons-io-1.3.2.jar
2017-08-16 10:26:18,321 [Worker-50] INFO  o.e.m.c.i.e.AbstractTransferListenerAdapter - Downloaded http://maven.wso2.org/nexus/content/groups/wso2-public/commons-io/commons-io/1.3.2/commons-io-1.3.2.jar
